<?xml version="1.0" encoding="UTF-8"?>
<!-- Generated by org.testng.reporters.JUnitXMLReporter -->
<testsuite hostname="QSIH-00493" name="Sample Test" tests="5" failures="0" timestamp="10 Dec 2015 07:35:39 GMT" time="50.319" errors="0">
  <testcase name="ListboxSelection" time="2.441" classname="com.in.ss.OnlyTestingWorkbook"/>
  <testcase name="basicoperations" time="4.962" classname="com.in.ss.OnlyTestingWorkbook"/>
  <testcase name="fileUploadDropdown" time="8.056" classname="com.in.ss.OnlyTestingWorkbook"/>
  <testcase name="handlealerts" time="9.659" classname="com.in.ss.OnlyTestingWorkbook"/>
  <testcase name="handlingwebtable" time="9.602" classname="com.in.ss.OnlyTestingWorkbook"/>
</testsuite> <!-- Sample Test -->
